0 info it worked if it ends with ok
1 verbose cli [ '/usr/local/bin/node',
1 verbose cli   '/usr/local/bin/npm',
1 verbose cli   'install',
1 verbose cli   '-g',
1 verbose cli   'ios-sim' ]
2 info using npm@2.15.0
3 info using node@v4.4.2
4 verbose install initial load of /usr/local/lib/package.json
5 verbose readDependencies loading dependencies from /usr/local/lib/package.json
6 silly cache add args [ 'ios-sim', null ]
7 verbose cache add spec ios-sim
8 silly cache add parsed spec Result {
8 silly cache add   raw: 'ios-sim',
8 silly cache add   scope: null,
8 silly cache add   name: 'ios-sim',
8 silly cache add   rawSpec: '',
8 silly cache add   spec: 'latest',
8 silly cache add   type: 'tag' }
9 silly addNamed ios-sim@latest
10 verbose addNamed "latest" is being treated as a dist-tag for ios-sim
11 info addNameTag [ 'ios-sim', 'latest' ]
12 silly mapToRegistry name ios-sim
13 silly mapToRegistry using default registry
14 silly mapToRegistry registry https://registry.npmjs.org/
15 silly mapToRegistry data Result {
15 silly mapToRegistry   raw: 'ios-sim',
15 silly mapToRegistry   scope: null,
15 silly mapToRegistry   name: 'ios-sim',
15 silly mapToRegistry   rawSpec: '',
15 silly mapToRegistry   spec: 'latest',
15 silly mapToRegistry   type: 'tag' }
16 silly mapToRegistry uri https://registry.npmjs.org/ios-sim
17 verbose addNameTag registry:https://registry.npmjs.org/ios-sim not in flight; fetching
18 verbose request uri https://registry.npmjs.org/ios-sim
19 verbose request no auth needed
20 info attempt registry request try #1 at 01:38:10
21 verbose request id 4ba9509e0e110e13
22 http request GET https://registry.npmjs.org/ios-sim
23 http 200 https://registry.npmjs.org/ios-sim
24 verbose headers { server: 'CouchDB/1.5.0 (Erlang OTP/R16B03)',
24 verbose headers   etag: '"3XCU5ZCGHFJPWT20ZIO1ZXT1S"',
24 verbose headers   'content-type': 'application/json',
24 verbose headers   'content-encoding': 'gzip',
24 verbose headers   'cache-control': 'max-age=300',
24 verbose headers   'content-length': '5387',
24 verbose headers   'accept-ranges': 'bytes',
24 verbose headers   date: 'Sat, 09 Apr 2016 16:38:16 GMT',
24 verbose headers   via: '1.1 varnish',
24 verbose headers   age: '108',
24 verbose headers   connection: 'keep-alive',
24 verbose headers   'x-served-by': 'cache-ams4136-AMS',
24 verbose headers   'x-cache': 'HIT',
24 verbose headers   'x-cache-hits': '1',
24 verbose headers   'x-timer': 'S1460219896.356798,VS0,VE0',
24 verbose headers   vary: 'Accept-Encoding' }
25 silly get cb [ 200,
25 silly get   { server: 'CouchDB/1.5.0 (Erlang OTP/R16B03)',
25 silly get     etag: '"3XCU5ZCGHFJPWT20ZIO1ZXT1S"',
25 silly get     'content-type': 'application/json',
25 silly get     'content-encoding': 'gzip',
25 silly get     'cache-control': 'max-age=300',
25 silly get     'content-length': '5387',
25 silly get     'accept-ranges': 'bytes',
25 silly get     date: 'Sat, 09 Apr 2016 16:38:16 GMT',
25 silly get     via: '1.1 varnish',
25 silly get     age: '108',
25 silly get     connection: 'keep-alive',
25 silly get     'x-served-by': 'cache-ams4136-AMS',
25 silly get     'x-cache': 'HIT',
25 silly get     'x-cache-hits': '1',
25 silly get     'x-timer': 'S1460219896.356798,VS0,VE0',
25 silly get     vary: 'Accept-Encoding' } ]
26 verbose get saving ios-sim to /Users/superEggSong/.npm/registry.npmjs.org/ios-sim/.cache.json
27 verbose correctMkdir /Users/superEggSong/.npm correctMkdir not in flight; initializing
28 silly addNameTag next cb for ios-sim with tag latest
29 silly addNamed ios-sim@5.0.8
30 verbose addNamed "5.0.8" is a plain semver version for ios-sim
31 silly mapToRegistry name ios-sim
32 silly mapToRegistry using default registry
33 silly mapToRegistry registry https://registry.npmjs.org/
34 silly mapToRegistry data Result {
34 silly mapToRegistry   raw: 'ios-sim',
34 silly mapToRegistry   scope: null,
34 silly mapToRegistry   name: 'ios-sim',
34 silly mapToRegistry   rawSpec: '',
34 silly mapToRegistry   spec: 'latest',
34 silly mapToRegistry   type: 'tag' }
35 silly mapToRegistry uri https://registry.npmjs.org/ios-sim
36 verbose addRemoteTarball https://registry.npmjs.org/ios-sim/-/ios-sim-5.0.8.tgz not in flight; adding
37 verbose addRemoteTarball [ 'https://registry.npmjs.org/ios-sim/-/ios-sim-5.0.8.tgz',
37 verbose addRemoteTarball   '20520bbcfdadb0b0cb08690b90969b6e60a9a796' ]
38 info retry fetch attempt 1 at 01:38:16
39 info attempt registry request try #1 at 01:38:16
40 http fetch GET https://registry.npmjs.org/ios-sim/-/ios-sim-5.0.8.tgz
41 http fetch 200 https://registry.npmjs.org/ios-sim/-/ios-sim-5.0.8.tgz
42 silly fetchAndShaCheck shasum 20520bbcfdadb0b0cb08690b90969b6e60a9a796
43 verbose addTmpTarball /var/folders/96/11h2ql912m9c3fnq491l_p500000gn/T/npm-1771-e22dad4f/registry.npmjs.org/ios-sim/-/ios-sim-5.0.8.tgz not in flight; adding
44 verbose addTmpTarball already have metadata; skipping unpack for ios-sim@5.0.8
45 verbose correctMkdir /Users/superEggSong/.npm correctMkdir not in flight; initializing
46 silly cache afterAdd ios-sim@5.0.8
47 verbose afterAdd /Users/superEggSong/.npm/ios-sim/5.0.8/package/package.json not in flight; writing
48 verbose correctMkdir /Users/superEggSong/.npm correctMkdir not in flight; initializing
49 verbose afterAdd /Users/superEggSong/.npm/ios-sim/5.0.8/package/package.json written
50 silly install resolved [ { name: 'ios-sim',
50 silly install resolved     version: '5.0.8',
50 silly install resolved     preferGlobal: 'true',
50 silly install resolved     description: 'launch iOS apps into the iOS Simulator from the command line (Xcode 6.0+)',
50 silly install resolved     main: 'ios-sim.js',
50 silly install resolved     repository:
50 silly install resolved      { type: 'git',
50 silly install resolved        url: 'git+https://github.com/phonegap/ios-sim.git' },
50 silly install resolved     engines: { node: '>=0.10.0' },
50 silly install resolved     keywords: [ 'ios-sim', 'iOS Simulator' ],
50 silly install resolved     bin: { 'ios-sim': './bin/ios-sim' },
50 silly install resolved     bugs: { url: 'https://github.com/phonegap/ios-sim/issues' },
50 silly install resolved     author: { name: 'Shazron Abdullah' },
50 silly install resolved     license: 'MIT',
50 silly install resolved     dependencies:
50 silly install resolved      { plist: '^1.2.0',
50 silly install resolved        simctl: '^0.0.9',
50 silly install resolved        nopt: '1.0.9',
50 silly install resolved        'bplist-parser': '^0.0.6' },
50 silly install resolved     devDependencies: { jshint: '^2.9.1' },
50 silly install resolved     scripts: { test: 'npm run jshint', jshint: 'jshint src ./ios-sim.js' },
50 silly install resolved     gitHead: 'f0fc8160c262fe86ccaf8eeef1ff4ef22eb19b5c',
50 silly install resolved     homepage: 'https://github.com/phonegap/ios-sim#readme',
50 silly install resolved     _id: 'ios-sim@5.0.8',
50 silly install resolved     _shasum: '20520bbcfdadb0b0cb08690b90969b6e60a9a796',
50 silly install resolved     _from: 'ios-sim@latest',
50 silly install resolved     _npmVersion: '2.11.3',
50 silly install resolved     _nodeVersion: '0.12.7',
50 silly install resolved     _npmUser: { name: 'shazron', email: 'shazron@gmail.com' },
50 silly install resolved     dist:
50 silly install resolved      { shasum: '20520bbcfdadb0b0cb08690b90969b6e60a9a796',
50 silly install resolved        tarball: 'https://registry.npmjs.org/ios-sim/-/ios-sim-5.0.8.tgz' },
50 silly install resolved     maintainers: [ [Object], [Object], [Object], [Object] ],
50 silly install resolved     _npmOperationalInternal:
50 silly install resolved      { host: 'packages-12-west.internal.npmjs.com',
50 silly install resolved        tmp: 'tmp/ios-sim-5.0.8.tgz_1458757739978_0.3562360794749111' },
50 silly install resolved     directories: {},
50 silly install resolved     _resolved: 'https://registry.npmjs.org/ios-sim/-/ios-sim-5.0.8.tgz' } ]
51 info install ios-sim@5.0.8 into /usr/local/lib
52 info installOne ios-sim@5.0.8
53 verbose installOne of ios-sim to /usr/local/lib not in flight; installing
54 verbose correctMkdir /Users/superEggSong/.npm/_locks correctMkdir not in flight; initializing
55 verbose lock using /Users/superEggSong/.npm/_locks/ios-sim-3bb56db538048d2f.lock for /usr/local/lib/node_modules/ios-sim
56 silly install write writing ios-sim 5.0.8 to /usr/local/lib/node_modules/ios-sim
57 verbose unbuild lib/node_modules/ios-sim
58 silly gentlyRm /usr/local/lib/node_modules/ios-sim is being purged from base /usr/local
59 verbose gentlyRm don't care about contents; nuking /usr/local/lib/node_modules/ios-sim
60 verbose tar unpack /Users/superEggSong/.npm/ios-sim/5.0.8/package.tgz
61 verbose tar unpacking to /usr/local/lib/node_modules/ios-sim
62 silly gentlyRm /usr/local/lib/node_modules/ios-sim is being purged
63 verbose gentlyRm don't care about contents; nuking /usr/local/lib/node_modules/ios-sim
64 silly gunzTarPerm modes [ '755', '644' ]
65 error tar.unpack untar error /Users/superEggSong/.npm/ios-sim/5.0.8/package.tgz
66 verbose unlock done using /Users/superEggSong/.npm/_locks/ios-sim-3bb56db538048d2f.lock for /usr/local/lib/node_modules/ios-sim
67 verbose fstream_path /usr/local/lib/node_modules/ios-sim
68 verbose fstream_type Directory
69 verbose fstream_class DirWriter
70 verbose stack Error: EACCES: permission denied, mkdir '/usr/local/lib/node_modules/ios-sim'
70 verbose stack     at Error (native)
71 verbose fstream_stack /usr/local/lib/node_modules/npm/node_modules/fstream/lib/dir-writer.js:35:25
71 verbose fstream_stack /usr/local/lib/node_modules/npm/node_modules/mkdirp/index.js:47:53
71 verbose fstream_stack FSReqWrap.oncomplete (fs.js:82:15)
72 verbose cwd /Users/superEggSong/healthKitTest
73 error Darwin 15.4.0
74 error argv "/usr/local/bin/node" "/usr/local/bin/npm" "install" "-g" "ios-sim"
75 error node v4.4.2
76 error npm  v2.15.0
77 error path /usr/local/lib/node_modules/ios-sim
78 error code EACCES
79 error errno -13
80 error syscall mkdir
81 error Error: EACCES: permission denied, mkdir '/usr/local/lib/node_modules/ios-sim'
81 error     at Error (native)
81 error  { [Error: EACCES: permission denied, mkdir '/usr/local/lib/node_modules/ios-sim']
81 error   errno: -13,
81 error   code: 'EACCES',
81 error   syscall: 'mkdir',
81 error   path: '/usr/local/lib/node_modules/ios-sim',
81 error   fstream_type: 'Directory',
81 error   fstream_path: '/usr/local/lib/node_modules/ios-sim',
81 error   fstream_class: 'DirWriter',
81 error   fstream_stack:
81 error    [ '/usr/local/lib/node_modules/npm/node_modules/fstream/lib/dir-writer.js:35:25',
81 error      '/usr/local/lib/node_modules/npm/node_modules/mkdirp/index.js:47:53',
81 error      'FSReqWrap.oncomplete (fs.js:82:15)' ] }
82 error Please try running this command again as root/Administrator.
83 verbose exit [ -13, true ]
84 verbose unbuild lib/node_modules/ios-sim
85 silly gentlyRm /usr/local/lib/node_modules/ios-sim is being purged from base /usr/local
86 verbose gentlyRm don't care about contents; nuking /usr/local/lib/node_modules/ios-sim
